This is pdfTeX, Version 3.14159265-2.6-1.40.18 (TeX Live 2017/TeX Live for SUSE Linux) (preloaded format=pdflatex 2021.1.18)  4 FEB 2021 20:46
entering extended mode
 restricted \write18 enabled.
 %&-line parsing enabled.
**genambi12.tex
(./genambi12.tex
LaTeX2e <2017-04-15>
Babel <3.10> and hyphenation patterns for 81 language(s) loaded.
(./oup-authoring-template.cls
Document Class: oup-authoring-template 2020/02/18 1.0
(/usr/share/texmf/tex/latex/crop/crop.sty
Package: crop 2003/05/20 v1.9 crop marks (mf)
\stockwidth=\dimen102
\stockheight=\dimen103
\CROP@index=\count79

(/usr/share/texmf/tex/latex/graphics/color.sty
Package: color 2016/07/10 v1.1e Standard LaTeX Color (DPC)

(/usr/share/texmf/tex/latex/graphics-cfg/color.cfg
File: color.cfg 2016/01/02 v1.6 sample color configuration
)
Package color Info: Driver file: pdftex.def on input line 147.

(/usr/share/texmf/tex/latex/graphics-def/pdftex.def
File: pdftex.def 2017/01/12 v0.06k Graphics/color for pdfTeX

(/usr/share/texmf/tex/generic/oberdiek/infwarerr.sty
Package: infwarerr 2016/05/16 v1.4 Providing info/warning/error messages (HO)
)
(/usr/share/texmf/tex/generic/oberdiek/ltxcmds.sty
Package: ltxcmds 2016/05/16 v1.23 LaTeX kernel commands for general use (HO)
)
\Gread@gobject=\count80
))
(/usr/share/texmf/tex/latex/graphics/graphics.sty
Package: graphics 2017/04/14 v1.1b Standard LaTeX Graphics (DPC,SPQR)

(/usr/share/texmf/tex/latex/graphics/trig.sty
Package: trig 2016/01/03 v1.10 sin cos tan (DPC)
)
(/usr/share/texmf/tex/latex/graphics-cfg/graphics.cfg
File: graphics.cfg 2016/06/04 v1.11 sample graphics configuration
)
Package graphics Info: Driver file: pdftex.def on input line 99.
)
\CROP@offset=\count81
Package crop Info: Local config file crop.cfg used on input line 605.

(/usr/share/texmf/tex/xelatex/xetexconfig/crop.cfg))
(/usr/share/texmf/tex/latex/graphics/graphicx.sty
Package: graphicx 2014/10/28 v1.0g Enhanced LaTeX Graphics (DPC,SPQR)

(/usr/share/texmf/tex/latex/graphics/keyval.sty
Package: keyval 2014/10/28 v1.15 key=value parser (DPC)
\KV@toks@=\toks14
)
\Gin@req@height=\dimen104
\Gin@req@width=\dimen105
)
(/usr/share/texmf/tex/latex/caption/caption.sty
Package: caption 2016/02/21 v3.3-144 Customizing captions (AR)

(/usr/share/texmf/tex/latex/caption/caption3.sty
Package: caption3 2016/05/22 v1.7-166 caption3 kernel (AR)
Package caption3 Info: TeX engine: e-TeX on input line 67.
\captionmargin=\dimen106
\captionmargin@=\dimen107
\captionwidth=\dimen108
\caption@tempdima=\dimen109
\caption@indent=\dimen110
\caption@parindent=\dimen111
\caption@hangindent=\dimen112
\abovecaptionskip=\skip41
\belowcaptionskip=\skip42
Package caption Info: Unknown document class (or package),
(caption)             standard defaults will be used.
)

Package caption Warning: Unsupported document class (or package) detected,
(caption)                usage of the caption package is not recommended.
See the caption package documentation for explanation.

Package caption Info: \@makecaption = undefined.
\c@ContinuedFloat=\count82
) (/usr/share/texmf/tex/latex/amsmath/amsmath.sty
Package: amsmath 2016/11/05 v2.16a AMS math features
\@mathmargin=\skip43

For additional information on amsmath, use the `?' option.
(/usr/share/texmf/tex/latex/amsmath/amstext.sty
Package: amstext 2000/06/29 v2.01 AMS text

(/usr/share/texmf/tex/latex/amsmath/amsgen.sty
File: amsgen.sty 1999/11/30 v2.0 generic functions
\@emptytoks=\toks15
\ex@=\dimen113
))
(/usr/share/texmf/tex/latex/amsmath/amsbsy.sty
Package: amsbsy 1999/11/29 v1.2d Bold Symbols
\pmbraise@=\dimen114
)
(/usr/share/texmf/tex/latex/amsmath/amsopn.sty
Package: amsopn 2016/03/08 v2.02 operator names
)
\inf@bad=\count83
LaTeX Info: Redefining \frac on input line 213.
\uproot@=\count84
\leftroot@=\count85
LaTeX Info: Redefining \overline on input line 375.
\classnum@=\count86
\DOTSCASE@=\count87
LaTeX Info: Redefining \ldots on input line 472.
LaTeX Info: Redefining \dots on input line 475.
LaTeX Info: Redefining \cdots on input line 596.
\Mathstrutbox@=\box26
\strutbox@=\box27
\big@size=\dimen115
LaTeX Font Info:    Redeclaring font encoding OML on input line 712.
LaTeX Font Info:    Redeclaring font encoding OMS on input line 713.
\macc@depth=\count88
\c@MaxMatrixCols=\count89
\dotsspace@=\muskip10
\c@parentequation=\count90
\dspbrk@lvl=\count91
\tag@help=\toks16
\row@=\count92
\column@=\count93
\maxfields@=\count94
\andhelp@=\toks17
\eqnshift@=\dimen116
\alignsep@=\dimen117
\tagshift@=\dimen118
\tagwidth@=\dimen119
\totwidth@=\dimen120
\lineht@=\dimen121
\@envbody=\toks18
\multlinegap=\skip44
\multlinetaggap=\skip45
\mathdisplay@stack=\toks19
LaTeX Info: Redefining \[ on input line 2817.
LaTeX Info: Redefining \] on input line 2818.
)
(/usr/share/texmf/tex/latex/tools/array.sty
Package: array 2016/10/06 v2.4d Tabular extension package (FMi)
\col@sep=\dimen122
\extrarowheight=\dimen123
\NC@list=\toks20
\extratabsurround=\skip46
\backup@length=\skip47
)
(/usr/share/texmf/tex/latex/xcolor/xcolor.sty
Package: xcolor 2016/05/11 v2.12 LaTeX color extensions (UK)

(/usr/share/texmf/tex/latex/graphics-cfg/color.cfg
File: color.cfg 2016/01/02 v1.6 sample color configuration
)
Package xcolor Info: Driver file: pdftex.def on input line 225.
LaTeX Info: Redefining \color on input line 709.
Package xcolor Info: Model `cmy' substituted by `cmy0' on input line 1348.
Package xcolor Info: Model `hsb' substituted by `rgb' on input line 1352.
Package xcolor Info: Model `RGB' extended on input line 1364.
Package xcolor Info: Model `HTML' substituted by `rgb' on input line 1366.
Package xcolor Info: Model `Hsb' substituted by `hsb' on input line 1367.
Package xcolor Info: Model `tHsb' substituted by `hsb' on input line 1368.
Package xcolor Info: Model `HSB' substituted by `hsb' on input line 1369.
Package xcolor Info: Model `Gray' substituted by `gray' on input line 1370.
Package xcolor Info: Model `wave' substituted by `hsb' on input line 1371.
)
(/usr/share/texmf/tex/latex/amsfonts/amssymb.sty
Package: amssymb 2013/01/14 v3.01 AMS font symbols

(/usr/share/texmf/tex/latex/amsfonts/amsfonts.sty
Package: amsfonts 2013/01/14 v3.01 Basic AMSFonts support
\symAMSa=\mathgroup4
\symAMSb=\mathgroup5
LaTeX Font Info:    Overwriting math alphabet `\mathfrak' in version `bold'
(Font)                  U/euf/m/n --> U/euf/b/n on input line 106.
))
(/usr/share/texmf/tex/latex/sttools/flushend.sty
Package: flushend 2017/03/27 v3.3 Balancing columns in twocolumn mode
\flushend@@lastskip@a=\skip48
\flushend@@lastskip@b=\skip49
\flushend@@lastskip@c=\skip50
\flushend@@penalty@a=\count95
\flushend@@lastkern@a=\dimen124
\var@@temp@spread=\dimen125
\var@@temp@a=\dimen126
\flushend@@page@rule=\dimen127
\flushend@@varbox@a=\box28
\flushend@@varbox@c=\box29
\flushend@@tempbox@a=\box30
\flushend@@tempbox@c=\box31
\@viper=\box32
\hold@viper=\box33
\atColsBreak=\toks21
\atColsEnd=\toks22

(/usr/share/texmf/tex/latex/etoolbox/etoolbox.sty
Package: etoolbox 2017/01/02 v2.4 e-TeX tools for LaTeX (JAW)
\etb@tempcnta=\count96
))
(/usr/share/texmf/tex/latex/sttools/stfloats.sty
Package: stfloats 2017/03/27 v3.3 Improve float mechanism and baselineskip sett
ings
\@dblbotnum=\count97
\c@dblbotnumber=\count98
)
(/usr/share/texmf/tex/latex/graphics/rotating.sty
Package: rotating 2016/08/11 v2.16d rotated objects in LaTeX

(/usr/share/texmf/tex/latex/base/ifthen.sty
Package: ifthen 2014/09/29 v1.1c Standard LaTeX ifthen package (DPC)
)
\c@r@tfl@t=\count99
\rotFPtop=\skip51
\rotFPbot=\skip52
\rot@float@box=\box34
\rot@mess@toks=\toks23
)
(/usr/share/texmf/tex/latex/changepage/chngpage.sty
Package: chngpage 2009/10/20 v1.2b change page layout
\c@cp@cnt=\count100
\c@cp@tempcnt=\count101
)
(/usr/share/texmf/tex/latex/totcount/totcount.sty
Package: totcount 2011/01/25 v1.2 package for gettingthe total value of LaTeX c
ounters
)
(/usr/share/texmf/tex/latex/base/fix-cm.sty
Package: fix-cm 2015/01/14 v1.1t fixes to LaTeX

(/usr/share/texmf/tex/latex/base/ts1enc.def
File: ts1enc.def 2001/06/05 v3.0e (jk/car/fm) Standard LaTeX file
))
\croppaperwidth=\dimen128
\croppaperheight=\dimen129
\Croppdfwidth=\dimen130
\Croppdfheight=\dimen131
\Trimpdfwidth=\dimen132
\Trimpdfheight=\dimen133
\CP@toff@wd=\dimen134
\CP@toff@ht=\dimen135
\CP@boff@wd=\dimen136
\CP@boff@ht=\dimen137
\CP@crop@wd=\dimen138
\CP@crop@ht=\dimen139
\CP@bled@wd=\dimen140
\CP@bled@ht=\dimen141
\CP@trim@wd=\dimen142
\CP@trim@ht=\dimen143
\c@section=\count102
\c@subsection=\count103
\c@subsubsection=\count104
\c@paragraph=\count105
\c@subparagraph=\count106
\c@figure=\count107
\c@table=\count108
\dropfromtop=\skip53
\c@myauthcount=\count109
\c@myauthcount@totc=\count110
\c@myhistorycount=\count111
\c@myhistorycount@totc=\count112
\c@myaddcount=\count113
\c@myaddcount@totc=\count114
\extraspace=\skip54
\aboveskipchk=\skip55
\titlepagewd=\skip56
\rotdimen=\dimen144
\tempdime=\dimen145
\temptbox=\box35

(/usr/share/texmf/tex/latex/natbib/natbib.sty
Package: natbib 2010/09/13 8.31b (PWD, AO)
\bibhang=\skip57
\bibsep=\skip58
LaTeX Info: Redefining \cite on input line 694.
\c@NAT@ctr=\count115
)
(/usr/share/texmf/tex/latex/wrapfig/wrapfig.sty
\wrapoverhang=\dimen146
\WF@size=\dimen147
\c@WF@wrappedlines=\count116
\WF@box=\box36
\WF@everypar=\toks24
Package: wrapfig 2003/01/31  v 3.6
)
\wraplines=\count117
\@authorfigbox=\box37
\@authorfigboxdim=\skip59
\biofigadjskip=\skip60

(/usr/share/texmf/tex/latex/amscls/amsthm.sty
Package: amsthm 2015/03/04 v2.20.2
\thm@style=\toks25
\thm@bodyfont=\toks26
\thm@headfont=\toks27
\thm@notefont=\toks28
\thm@headpunct=\toks29
\thm@preskip=\skip61
\thm@postskip=\skip62
\thm@headsep=\skip63
\dth@everypar=\toks30
)
(/usr/share/texmf/tex/latex/subfloat/subfloat.sty
Package: subfloat 2003/08/21 version 2.14

Package `subfloat', Version 2.14 of 2003/08/21.

Package subfloat Warning: Numbers of floats not counted:
(subfloat)                If you use one of the counters subfloatfiguremax or
(subfloat)                subfloattablemax you will get strange error messages
(subfloat)                containing \c@subfloatfiguremax or
(subfloat)                \c@subfloattablemax:
(subfloat)                Please switch on countmax or remove the code using
(subfloat)                the counter then..

) (/usr/share/texmf/tex/latex/subfig/subfig.sty
Package: subfig 2005/06/28 ver: 1.3 subfig package


Package subfig Warning: Your document class has a bad definition
 of \endfigure, most likely
 \let\endfigure=\end@float
 which has now been changed to
 \def\endfigure{\end@float}
 because otherwise subsequent changes to \end@float
 (like done by several packages changing float behaviour)
 can't take effect on \endfigure.
 Please complain to your document class author.

\c@KVtest=\count118
\sf@farskip=\skip64
\sf@captopadj=\dimen148
\sf@capskip=\skip65
\sf@nearskip=\skip66
\c@subfigure=\count119
\c@subfigure@save=\count120
\c@lofdepth=\count121
\c@subtable=\count122
\c@subtable@save=\count123
\c@lotdepth=\count124
\sf@top=\skip67
\sf@bottom=\skip68
) (/usr/share/texmf/tex/latex/multirow/multirow.sty
Package: multirow 2016/11/25 v2.2 Span multiple rows of a table
\multirow@colwidth=\skip69
\multirow@cntb=\count125
\multirow@dima=\skip70
\bigstrutjot=\dimen149
)
(/usr/share/texmf/tex/latex/mdwtools/footnote.sty
Package: footnote 1997/01/28 1.13 Save footnotes around boxes
\fn@notes=\box38
\fn@width=\dimen150
)
(/usr/share/texmf/tex/latex/url/url.sty
\Urlmuskip=\muskip11
Package: url 2013/09/16  ver 3.4  Verb mode for urls, etc.
)
(/usr/share/texmf/tex/latex/jknapltx/mathrsfs.sty
Package: mathrsfs 1996/01/01 Math RSFS package v1.0 (jk)
\symrsfs=\mathgroup6
)
(/usr/share/texmf/tex/latex/algorithms/algorithm.sty
Package: algorithm 2009/08/24 v0.1 Document Style `algorithm' - floating enviro
nment

(/usr/share/texmf/tex/latex/float/float.sty
Package: float 2001/11/08 v1.3d Float enhancements (AL)
\c@float@type=\count126
\float@exts=\toks31
\float@box=\box39
\@float@everytoks=\toks32
\@floatcapt=\box40
)
\@float@every@algorithm=\toks33
\c@algorithm=\count127
)
(/usr/share/texmf/tex/latex/algorithmicx/algorithmicx.sty
Package: algorithmicx 2005/04/27 v1.2 Algorithmicx

Document Style algorithmicx 1.2 - a greatly improved `algorithmic' style
\c@ALG@line=\count128
\c@ALG@rem=\count129
\c@ALG@nested=\count130
\ALG@tlm=\skip71
\ALG@thistlm=\skip72
\c@ALG@Lnr=\count131
\c@ALG@blocknr=\count132
\c@ALG@storecount=\count133
\c@ALG@tmpcounter=\count134
\ALG@tmplength=\skip73
) (/usr/share/texmf/tex/latex/algorithmicx/algpseudocode.sty
Package: algpseudocode 

Document Style - pseudocode environments for use with the `algorithmicx' style
) (/usr/share/texmf/tex/latex/listings/listings.sty
\lst@mode=\count135
\lst@gtempboxa=\box41
\lst@token=\toks34
\lst@length=\count136
\lst@currlwidth=\dimen151
\lst@column=\count137
\lst@pos=\count138
\lst@lostspace=\dimen152
\lst@width=\dimen153
\lst@newlines=\count139
\lst@lineno=\count140
\lst@maxwidth=\dimen154

(/usr/share/texmf/tex/latex/listings/lstmisc.sty
File: lstmisc.sty 2015/06/04 1.6 (Carsten Heinz)
\c@lstnumber=\count141
\lst@skipnumbers=\count142
\lst@framebox=\box42
)
(/usr/share/texmf/tex/latex/listings/listings.cfg
File: listings.cfg 2015/06/04 1.6 listings configuration
))
Package: listings 2015/06/04 1.6 (Carsten Heinz)

(/usr/share/texmf/tex/latex/appendix/appendix.sty
Package: appendix 2009/09/02 v1.2b extra appendix facilities
\c@@pps=\count143
\c@@ppsavesec=\count144
\c@@ppsaveapp=\count145
)
(/usr/share/texmf/tex/latex/hyperref/hyperref.sty
Package: hyperref 2017/03/14 v6.85a Hypertext links for LaTeX

(/usr/share/texmf/tex/generic/oberdiek/hobsub-hyperref.sty
Package: hobsub-hyperref 2016/05/16 v1.14 Bundle oberdiek, subset hyperref (HO)


(/usr/share/texmf/tex/generic/oberdiek/hobsub-generic.sty
Package: hobsub-generic 2016/05/16 v1.14 Bundle oberdiek, subset generic (HO)
Package: hobsub 2016/05/16 v1.14 Construct package bundles (HO)
Package hobsub Info: Skipping package `infwarerr' (already loaded).
Package hobsub Info: Skipping package `ltxcmds' (already loaded).
Package: ifluatex 2016/05/16 v1.4 Provides the ifluatex switch (HO)
Package ifluatex Info: LuaTeX not detected.
Package: ifvtex 2016/05/16 v1.6 Detect VTeX and its facilities (HO)
Package ifvtex Info: VTeX not detected.
Package: intcalc 2016/05/16 v1.2 Expandable calculations with integers (HO)
Package: ifpdf 2017/03/15 v3.2 Provides the ifpdf switch
Package: etexcmds 2016/05/16 v1.6 Avoid name clashes with e-TeX commands (HO)
Package etexcmds Info: Could not find \expanded.
(etexcmds)             That can mean that you are not using pdfTeX 1.50 or
(etexcmds)             that some package has redefined \expanded.
(etexcmds)             In the latter case, load this package earlier.
Package: kvsetkeys 2016/05/16 v1.17 Key value parser (HO)
Package: kvdefinekeys 2016/05/16 v1.4 Define keys (HO)
Package: pdftexcmds 2017/03/19 v0.25 Utility functions of pdfTeX for LuaTeX (HO
)
Package pdftexcmds Info: LuaTeX not detected.
Package pdftexcmds Info: \pdf@primitive is available.
Package pdftexcmds Info: \pdf@ifprimitive is available.
Package pdftexcmds Info: \pdfdraftmode found.
Package: pdfescape 2016/05/16 v1.14 Implements pdfTeX's escape features (HO)
Package: bigintcalc 2016/05/16 v1.4 Expandable calculations on big integers (HO
)
Package: bitset 2016/05/16 v1.2 Handle bit-vector datatype (HO)
Package: uniquecounter 2016/05/16 v1.3 Provide unlimited unique counter (HO)
)
Package hobsub Info: Skipping package `hobsub' (already loaded).
Package: letltxmacro 2016/05/16 v1.5 Let assignment for LaTeX macros (HO)
Package: hopatch 2016/05/16 v1.3 Wrapper for package hooks (HO)
Package: xcolor-patch 2016/05/16 xcolor patch
Package: atveryend 2016/05/16 v1.9 Hooks at the very end of document (HO)
Package: atbegshi 2016/06/09 v1.18 At begin shipout hook (HO)
Package atbegshi Info: Package `crop' patched.
Package: refcount 2016/05/16 v3.5 Data extraction from label references (HO)
Package: hycolor 2016/05/16 v1.8 Color options for hyperref/bookmark (HO)
)
(/usr/share/texmf/tex/generic/ifxetex/ifxetex.sty
Package: ifxetex 2010/09/12 v0.6 Provides ifxetex conditional
)
(/usr/share/texmf/tex/latex/oberdiek/auxhook.sty
Package: auxhook 2016/05/16 v1.4 Hooks for auxiliary files (HO)
)
(/usr/share/texmf/tex/latex/oberdiek/kvoptions.sty
Package: kvoptions 2016/05/16 v3.12 Key value format for package options (HO)
)
\@linkdim=\dimen155
\Hy@linkcounter=\count146
\Hy@pagecounter=\count147

(/usr/share/texmf/tex/latex/hyperref/pd1enc.def
File: pd1enc.def 2017/03/14 v6.85a Hyperref: PDFDocEncoding definition (HO)
)
\Hy@SavedSpaceFactor=\count148

(/usr/share/texmf/tex/latex/latexconfig/hyperref.cfg
File: hyperref.cfg 2002/06/06 v1.2 hyperref configuration of TeXLive
)
Package hyperref Info: Hyper figures OFF on input line 4498.
Package hyperref Info: Link nesting OFF on input line 4503.
Package hyperref Info: Hyper index ON on input line 4506.
Package hyperref Info: Plain pages OFF on input line 4513.
Package hyperref Info: Backreferencing OFF on input line 4518.
Package hyperref Info: Implicit mode ON; LaTeX internals redefined.
Package hyperref Info: Bookmarks ON on input line 4751.
\c@Hy@tempcnt=\count149
LaTeX Info: Redefining \url on input line 5104.
\XeTeXLinkMargin=\dimen156
\Fld@menulength=\count150
\Field@Width=\dimen157
\Fld@charsize=\dimen158
Package hyperref Info: Hyper figures OFF on input line 6358.
Package hyperref Info: Link nesting OFF on input line 6363.
Package hyperref Info: Hyper index ON on input line 6366.
Package hyperref Info: backreferencing OFF on input line 6373.
Package hyperref Info: Link coloring OFF on input line 6378.
Package hyperref Info: Link coloring with OCG OFF on input line 6383.
Package hyperref Info: PDF/A mode OFF on input line 6388.
LaTeX Info: Redefining \ref on input line 6428.
LaTeX Info: Redefining \pageref on input line 6432.
\Hy@abspage=\count151
\c@Item=\count152
\c@Hfootnote=\count153
)

Package hyperref Message: Driver (autodetected): hpdftex.

(/usr/share/texmf/tex/latex/hyperref/hpdftex.def
File: hpdftex.def 2017/03/14 v6.85a Hyperref driver for pdfTeX
\Fld@listcount=\count154
\c@bookmark@seq@number=\count155

(/usr/share/texmf/tex/latex/oberdiek/rerunfilecheck.sty
Package: rerunfilecheck 2016/05/16 v1.8 Rerun checks for auxiliary files (HO)
Package uniquecounter Info: New unique counter `rerunfilecheck' on input line 2
82.
)
\Hy@SectionHShift=\skip74
))
(/usr/share/texmf/tex/latex/lineno/lineno.sty
Package: lineno 2005/11/02 line numbers on paragraphs v4.41
\linenopenalty=\count156
\output=\toks35
\linenoprevgraf=\count157
\linenumbersep=\dimen159
\linenumberwidth=\dimen160
\c@linenumber=\count158
\c@pagewiselinenumber=\count159
\c@LN@truepage=\count160
\c@internallinenumber=\count161
\c@internallinenumbers=\count162
\quotelinenumbersep=\dimen161
\bframerule=\dimen162
\bframesep=\dimen163
\bframebox=\box43
LaTeX Info: Redefining \\ on input line 3056.
)
\c@theorem=\count163
\c@ambirule=\count164
\c@example=\count165
\c@remark=\count166
\c@definition=\count167
 (./genambi12.aux)
\openout1 = `genambi12.aux'.

LaTeX Font Info:    Checking defaults for OML/cmm/m/it on input line 67.
LaTeX Font Info:    ... okay on input line 67.
LaTeX Font Info:    Checking defaults for T1/cmr/m/n on input line 67.
LaTeX Font Info:    ... okay on input line 67.
LaTeX Font Info:    Checking defaults for OT1/cmr/m/n on input line 67.
LaTeX Font Info:    ... okay on input line 67.
LaTeX Font Info:    Checking defaults for OMS/cmsy/m/n on input line 67.
LaTeX Font Info:    ... okay on input line 67.
LaTeX Font Info:    Checking defaults for OMX/cmex/m/n on input line 67.
LaTeX Font Info:    ... okay on input line 67.
LaTeX Font Info:    Checking defaults for U/cmr/m/n on input line 67.
LaTeX Font Info:    ... okay on input line 67.
LaTeX Font Info:    Checking defaults for TS1/cmr/m/n on input line 67.
LaTeX Font Info:    ... okay on input line 67.
LaTeX Font Info:    Checking defaults for PD1/pdf/m/n on input line 67.
LaTeX Font Info:    ... okay on input line 67.

(/usr/share/texmf/tex/context/base/mkii/supp-pdf.mkii
[Loading MPS to PDF converter (version 2006.09.02).]
\scratchcounter=\count168
\scratchdimen=\dimen164
\scratchbox=\box44
\nofMPsegments=\count169
\nofMParguments=\count170
\everyMPshowfont=\toks36
\MPscratchCnt=\count171
\MPscratchDim=\dimen165
\MPnumerator=\count172
\makeMPintoPDFobject=\count173
\everyMPtoPDFconversion=\toks37
) (/usr/share/texmf/tex/latex/oberdiek/epstopdf-base.sty
Package: epstopdf-base 2016/05/15 v2.6 Base part for package epstopdf

(/usr/share/texmf/tex/latex/oberdiek/grfext.sty
Package: grfext 2016/05/16 v1.2 Manage graphics extensions (HO)
)
Package epstopdf-base Info: Redefining graphics rule for `.eps' on input line 4
38.
Package grfext Info: Graphics extension search list:
(grfext)             [.png,.pdf,.jpg,.mps,.jpeg,.jbig2,.jb2,.PNG,.PDF,.JPG,.JPE
G,.JBIG2,.JB2,.eps]
(grfext)             \AppendGraphicsExtensions on input line 456.

(/usr/share/texmf/tex/latex/latexconfig/epstopdf-sys.cfg
File: epstopdf-sys.cfg 2010/07/13 v1.3 Configuration of (r)epstopdf for TeX Liv
e
))
Package crop Info: requested driver: `' on input line 67.
Package crop Info: detected driver: `pdftex' on input line 67.
Package crop Info: using `pdftex' graphics driver on input line 67.
Package caption Info: Begin \AtBeginDocument code.
Package caption Info: subfig package v1.3 is loaded.
Package caption Info: float package is loaded.
Package caption Info: hyperref package is loaded.
Package caption Info: listings package is loaded.
Package caption Info: rotating package is loaded.
Package caption Info: wrapfig package is loaded.
Package caption Info: End \AtBeginDocument code.
LaTeX Font Info:    Redeclaring symbol font `AMSa' on input line 67.
LaTeX Font Info:    Overwriting symbol font `AMSa' in version `normal'
(Font)                  U/msa/m/n --> U/msa/m/n on input line 67.
LaTeX Font Info:    Overwriting symbol font `AMSa' in version `bold'
(Font)                  U/msa/m/n --> U/msa/m/n on input line 67.
\c@lstlisting=\count174
\AtBeginShipoutBox=\box45
Package hyperref Info: Link coloring OFF on input line 67.

(/usr/share/texmf/tex/latex/hyperref/nameref.sty
Package: nameref 2016/05/21 v2.44 Cross-referencing by name of section

(/usr/share/texmf/tex/generic/oberdiek/gettitlestring.sty
Package: gettitlestring 2016/05/16 v1.5 Cleanup title references (HO)
)
\c@section@level=\count175
)
LaTeX Info: Redefining \ref on input line 67.
LaTeX Info: Redefining \pageref on input line 67.
LaTeX Info: Redefining \nameref on input line 67.
 (./genambi12.out)
(./genambi12.out)
\@outlinefile=\write3
\openout3 = `genambi12.out'.


Overfull \hbox (53.5pt too wide) in paragraph at lines 126--126
| [][][] 
 []


Overfull \hbox (53.5pt too wide) in paragraph at lines 126--126
| [][][] 
 []


Underfull \hbox (badness 10000) in paragraph at lines 126--126

 []


LaTeX Warning: No \author given.

LaTeX Font Info:    Calculating math sizes for size <13.04874> on input line 12
6.
LaTeX Font Info:    Try loading font information for U+msa on input line 126.
(/usr/share/texmf/tex/latex/amsfonts/umsa.fd
File: umsa.fd 2013/01/14 v3.01 AMS symbols A
)
LaTeX Font Info:    Try loading font information for U+msb on input line 126.

(/usr/share/texmf/tex/latex/amsfonts/umsb.fd
File: umsb.fd 2013/01/14 v3.01 AMS symbols B
)
LaTeX Font Info:    Try loading font information for U+rsfs on input line 126.

(/usr/share/texmf/tex/latex/jknapltx/ursfs.fd
File: ursfs.fd 1998/03/24 rsfs font definition file (jk)
)

LaTeX Font Warning: Font shape `U/rsfs/m/n' in size <13.04874> not available
(Font)              size <12> substituted on input line 126.


LaTeX Font Warning: Font shape `U/rsfs/m/n' in size <6.52437> not available
(Font)              size <7> substituted on input line 126.

LaTeX Font Info:    Calculating math sizes for size <9.13406> on input line 126
.

LaTeX Font Warning: Font shape `U/rsfs/m/n' in size <4.56703> not available
(Font)              size <5> substituted on input line 126.

LaTeX Font Info:    Calculating math sizes for size <7.52812> on input line 126
.

LaTeX Font Warning: Font shape `U/rsfs/m/n' in size <7.52812> not available
(Font)              size <8> substituted on input line 126.


LaTeX Font Warning: Font shape `U/rsfs/m/n' in size <3.76405> not available
(Font)              size <5> substituted on input line 126.

LaTeX Font Info:    Calculating math sizes for size <6.52437> on input line 126
.

LaTeX Font Warning: Font shape `U/rsfs/m/n' in size <3.26218> not available
(Font)              size <5> substituted on input line 126.

LaTeX Font Info:    Calculating math sizes for size <4.56703> on input line 126
.

LaTeX Font Warning: Font shape `U/rsfs/m/n' in size <3.1969> not available
(Font)              size <5> substituted on input line 126.


LaTeX Font Warning: Font shape `U/rsfs/m/n' in size <2.28351> not available
(Font)              size <5> substituted on input line 126.


Overfull \hbox (53.5pt too wide) in paragraph at lines 126--126
[][][] 
 []


Overfull \hbox (53.5pt too wide) in paragraph at lines 126--126
[][][]
 []


Underfull \hbox (badness 10000) in paragraph at lines 126--126

 []


Underfull \hbox (badness 1112) in paragraph at lines 130--146
\OT1/cmr/m/n/7.52812 capsid, no envelope, no apparent assembly of any kind.
 []


Underfull \vbox (badness 10000) has occurred while \output is active []


Underfull \vbox (badness 10000) has occurred while \output is active []

LaTeX Font Info:    Try loading font information for OMS+cmr on input line 175.


(/usr/share/texmf/tex/latex/base/omscmr.fd
File: omscmr.fd 2014/09/29 v2.5h Standard LaTeX font definitions
)
LaTeX Font Info:    Font shape `OMS/cmr/m/n' in size <6.5> not available
(Font)              Font shape `OMS/cmsy/m/n' tried instead on input line 175.
 [1
Non-PDF special ignored!

{/var/lib/texmf/fonts/map/pdftex/updmap/pdftex.map}


]
Underfull \hbox (badness 1087) in paragraph at lines 176--201
\OT1/cmr/m/n/7.52812 consider four viral segments, denoted CNV-RdRp, CNV-
 []

<narna-zhcx.png, id=134, 663.47874pt x 870.25125pt>
File: narna-zhcx.png Graphic file (type png)
 <use narna-zhcx.png>
Package pdftex.def Info: narna-zhcx.png used on input line 204.
(pdftex.def)             Requested size: 244.25pt x 320.36789pt.

Overfull \hbox (9.0pt too wide) in paragraph at lines 204--208
 [] 
 []

LaTeX Font Info:    Calculating math sizes for size <6.02249> on input line 208
.

LaTeX Font Warning: Font shape `U/rsfs/m/n' in size <4.21571> not available
(Font)              size <5> substituted on input line 208.


LaTeX Font Warning: Font shape `U/rsfs/m/n' in size <3.01125> not available
(Font)              size <5> substituted on input line 208.


Underfull \hbox (badness 1931) in paragraph at lines 235--241
\OT1/cmr/m/n/7.52812 that has its codons aligned with those on the forward
 []


Overfull \hbox (253.25pt too wide) has occurred while \output is active
[][][] 
 []


Overfull \vbox (1.0pt too high) has occurred while \output is active []

 [2
Non-PDF special ignored! <./narna-zhcx.png>]
Overfull \hbox (253.25pt too wide) has occurred while \output is active
[][][] 
 []


Overfull \vbox (1.0pt too high) has occurred while \output is active []

 [3
Non-PDF special ignored!]
Underfull \hbox (badness 2680) in paragraph at lines 364--370
\OT1/cmr/m/n/7.52812 We analysed data from samples of two ambigrammatic
 []


Overfull \hbox (3.05287pt too wide) in paragraph at lines 380--383
[]\OT1/cmr/bx/n/7.52812 The reverse open reading frame facilitates association
 []


Underfull \hbox (badness 1320) in paragraph at lines 386--392
[]\OT1/cmr/m/n/7.52812 Recently, additional evidence has emerged which may
 []


Underfull \hbox (badness 4913) in paragraph at lines 386--392
\OT1/cmr/m/n/7.52812 provide support for the second of these explanations.
 []


Underfull \hbox (badness 1436) in paragraph at lines 386--392
\OT1/cmr/m/n/7.52812 Specifically, the CNV infection has recently been shown
 []


Underfull \hbox (badness 2635) in paragraph at lines 386--392
\OT1/cmr/m/n/7.52812 to be facilitated by another ambigrammatic viral RNA
 []


Underfull \hbox (badness 1331) in paragraph at lines 386--392
\OT1/cmr/m/n/7.52812 designation is determined by which amino acid sequence
 []


Underfull \vbox (badness 10000) has occurred while \output is active []


Underfull \hbox (badness 1137) in paragraph at lines 455--458
[]\OT1/cmr/m/n/7.52812 The null hypothesis, indicating that the reverse open
 []


Overfull \hbox (253.25pt too wide) has occurred while \output is active
[][][] 
 []


Overfull \vbox (1.0pt too high) has occurred while \output is active []

 [4
Non-PDF special ignored!]
Underfull \hbox (badness 2359) in paragraph at lines 533--547
\OT1/cmr/m/n/7.52812 We looked through assembled contig datasets from two
 []


Underfull \hbox (badness 4036) in paragraph at lines 580--586
\OT1/cmr/m/n/7.52812 (recall that there are twice as many transversions as
 []


Underfull \hbox (badness 1264) in paragraph at lines 613--620
\OT1/cmr/m/n/7.52812 We also determined the fraction of codons where multi-
 []


Underfull \hbox (badness 1314) in paragraph at lines 625--626
[]\OT1/cmr/m/n/7.52812 Based upon these tables, we can make the following
 []


Underfull \hbox (badness 1946) in paragraph at lines 629--633
[]\OT1/cmr/bx/n/7.52812 Diversity\OT1/cmr/m/n/7.52812 . We observe that both Rd
Rp and Robin
 []


Underfull \hbox (badness 1484) in paragraph at lines 629--633
\OT1/cmr/m/n/7.52812 segments are comparable in their diversity, for both
 []


Overfull \hbox (253.25pt too wide) has occurred while \output is active
[][][] 
 []


Overfull \vbox (1.0pt too high) has occurred while \output is active []

 [5
Non-PDF special ignored!]
Underfull \hbox (badness 1127) in paragraph at lines 634--641
\OT1/cmr/m/n/7.52812 sequences, more mutations are observed at the third
 []

<narna-diversity.png, id=218, 1202.4925pt x 379.4175pt>
File: narna-diversity.png Graphic file (type png)

<use narna-diversity.png>
Package pdftex.def Info: narna-diversity.png used on input line 673.
(pdftex.def)             Requested size: 439.64702pt x 138.7207pt.

Underfull \vbox (badness 10000) has occurred while \output is active []


Underfull \hbox (badness 1496) in paragraph at lines 727--731
\OT1/cmr/m/n/7.52812 hotspots test to all four sequences, as described by
 []


Underfull \hbox (badness 2050) in paragraph at lines 732--739
[]\OT1/cmr/bx/n/7.52812 Mutation rate test\OT1/cmr/m/n/7.52812 . We examined th
e number of
 []


Underfull \hbox (badness 1648) in paragraph at lines 732--739
\OT1/cmr/m/n/7.52812 mutations in the set of $\OML/cmm/m/it/7.52812 N[]$ \OT1/c
mr/m/n/7.52812 doubly-synonymous sites
 []


Underfull \hbox (badness 1331) in paragraph at lines 732--739
\OT1/cmr/m/n/7.52812 which were variable. We found (table []5[]) that many
 []


Overfull \hbox (1.45876pt too wide) in paragraph at lines 742--756
[]\OT1/cmr/m/n/7.52812 The ratios of non-synonymous to synonymous mutations,
 []


Overfull \hbox (3.94331pt too wide) in paragraph at lines 769--805
[]$[]$ $[]$ $[]$ 
 []


LaTeX Warning: `h' float specifier changed to `ht'.


Underfull \vbox (badness 10000) has occurred while \output is active []


Overfull \hbox (253.25pt too wide) has occurred while \output is active
[][][] 
 []


Overfull \vbox (1.0pt too high) has occurred while \output is active []

 [6
Non-PDF special ignored!]
Underfull \hbox (badness 1024) in paragraph at lines 827--843
\OT1/cmr/m/it/7.52812 Zhejiang mosquito virus 3\OT1/cmr/m/n/7.52812 . There was
 no evidence that
 []


Underfull \vbox (badness 10000) has occurred while \output is active []


Underfull \hbox (badness 1024) in paragraph at lines 853--856
\OT1/cmr/m/n/7.52812 indicate that both RdRp and Robin are under purifying
 []


Underfull \vbox (badness 10000) has occurred while \output is active []


Overfull \hbox (253.25pt too wide) has occurred while \output is active
[][][] 
 []


Overfull \vbox (1.0pt too high) has occurred while \output is active []

 [7
Non-PDF special ignored! <./narna-diversity.png>]
Underfull \hbox (badness 1831) in paragraph at lines 885--894
[]\OT1/cmr/m/n/7.52812 Further studies of `ribosome profiling' of this system
 []


Underfull \hbox (badness 1400) in paragraph at lines 885--894
\OT1/cmr/m/n/7.52812 accumulate on the viral RNA in this system. A recent
 []

(./genambi12.bbl
Underfull \hbox (badness 4531) in paragraph at lines 23--28
[]\OT1/cmr/m/n/7.52812 J. Cepelewicz.  New clues about `ambigram' viruses
 []


Underfull \hbox (badness 6284) in paragraph at lines 23--28
\OT1/cmr/m/n/7.52812 with strange reversible genes.  \OT1/cmr/m/it/7.52812 Quan
ta Magazine\OT1/cmr/m/n/7.52812 ,
 []


Underfull \hbox (badness 10000) in paragraph at lines 23--28
\OT1/cmr/m/n/7.52812 2020.  URL []$\OT1/cmtt/m/n/7.52812 https : / / www . quan
tamagazine . org /
 []


Overfull \hbox (68.21228pt too wide) in paragraph at lines 23--28
\OT1/cmtt/m/n/7.52812 new-[]clues-[]about-[]ambigram-[]viruses-[]with-[]strange
-[]reversible-[]genes-[]20200212/$[]\OT1/cmr/m/n/7.52812 . 
 []


Overfull \hbox (253.25pt too wide) has occurred while \output is active
[][][] 
 []


Overfull \vbox (1.0pt too high) has occurred while \output is active []

 [8
Non-PDF special ignored!]

Package lineno Warning: Linenumber reference failed, 
(lineno)                rerun to get it right.

)
- LAST -
Extra skip:671.5pt
Left:671.5pt/0.0pt
Right:0.0pt/0.0pt
Output:335.75pt

Overfull \hbox (253.25pt too wide) has occurred while \output is active
[][][] 
 []


Overfull \vbox (1.0pt too high) has occurred while \output is active []

 [9
Non-PDF special ignored!]
Package atveryend Info: Empty hook `BeforeClearDocument' on input line 931.
Package atveryend Info: Empty hook `AfterLastShipout' on input line 931.
 (./genambi12.aux)
Package atveryend Info: Executing hook `AtVeryEndDocument' on input line 931.
Package atveryend Info: Executing hook `AtEndAfterFileList' on input line 931.
Package rerunfilecheck Info: File `genambi12.out' has not changed.
(rerunfilecheck)             Checksum: ED9C31AF110EACDCD96086AAD282D433;1146.


LaTeX Font Warning: Size substitutions with differences
(Font)              up to 2.71649pt have occurred.

 ) 
Here is how much of TeX's memory you used:
 11952 strings out of 493013
 174048 string characters out of 6141785
 327905 words of memory out of 5000000
 15216 multiletter control sequences out of 15000+600000
 36370 words of font info for 139 fonts, out of 8000000 for 9000
 1145 hyphenation exceptions out of 8191
 43i,12n,43p,17352b,443s stack positions out of 5000i,500n,10000p,200000b,80000s
</usr/share/texmf/fonts/type1/public/amsfonts/cm/cmb10.pfb></usr/share/texmf/
fonts/type1/public/amsfonts/cm/cmbsy10.pfb></usr/share/texmf/fonts/type1/public
/amsfonts/cm/cmbx12.pfb></usr/share/texmf/fonts/type1/public/amsfonts/cm/cmbx6.
pfb></usr/share/texmf/fonts/type1/public/amsfonts/cm/cmbx7.pfb></usr/share/texm
f/fonts/type1/public/amsfonts/cm/cmbx8.pfb></usr/share/texmf/fonts/type1/public
/amsfonts/cmextra/cmex8.pfb></usr/share/texmf/fonts/type1/public/amsfonts/cm/cm
mi5.pfb></usr/share/texmf/fonts/type1/public/amsfonts/cm/cmmi6.pfb></usr/share/
texmf/fonts/type1/public/amsfonts/cm/cmmi7.pfb></usr/share/texmf/fonts/type1/pu
blic/amsfonts/cm/cmr12.pfb></usr/share/texmf/fonts/type1/public/amsfonts/cm/cmr
5.pfb></usr/share/texmf/fonts/type1/public/amsfonts/cm/cmr6.pfb></usr/share/tex
mf/fonts/type1/public/amsfonts/cm/cmr7.pfb></usr/share/texmf/fonts/type1/public
/amsfonts/cm/cmr8.pfb></usr/share/texmf/fonts/type1/public/amsfonts/cm/cmr9.pfb
></usr/share/texmf/fonts/type1/public/amsfonts/cm/cmss8.pfb></usr/share/texmf/f
onts/type1/public/amsfonts/cm/cmsy5.pfb></usr/share/texmf/fonts/type1/public/am
sfonts/cm/cmsy6.pfb></usr/share/texmf/fonts/type1/public/amsfonts/cm/cmsy7.pfb>
</usr/share/texmf/fonts/type1/public/amsfonts/cm/cmti7.pfb></usr/share/texmf/fo
nts/type1/public/amsfonts/cm/cmti8.pfb></usr/share/texmf/fonts/type1/public/ams
fonts/cm/cmti9.pfb></usr/share/texmf/fonts/type1/public/amsfonts/cm/cmtt8.pfb>
Output written on genambi12.pdf (9 pages, 436509 bytes).
PDF statistics:
 379 PDF objects out of 1000 (max. 8388607)
 336 compressed objects within 4 object streams
 80 named destinations out of 1000 (max. 500000)
 147 words of extra memory for PDF output out of 10000 (max. 10000000)

