This is pdfTeX, Version 3.14159265-2.6-1.40.21 (TeX Live 2020) (preloaded format=pdflatex 2020.10.28)  16 FEB 2021 12:43
entering extended mode
 restricted \write18 enabled.
 file:line:error style messages enabled.
 %&-line parsing enabled.
**genambi_submit.tex
(./genambi_submit.tex
LaTeX2e <2020-02-02> patch level 5
L3 programming layer <2020-03-06> (./oup-authoring-template.cls
Document Class: oup-authoring-template 2020/02/18 1.0
(/usr/local/texlive/2020/texmf-dist/tex/latex/crop/crop.sty
Package: crop 2003/05/20 v1.9 crop marks (mf)
\stockwidth=\dimen134
\stockheight=\dimen135
\CROP@index=\count167

(/usr/local/texlive/2020/texmf-dist/tex/latex/graphics/color.sty
Package: color 2019/11/23 v1.2a Standard LaTeX Color (DPC)

(/usr/local/texlive/2020/texmf-dist/tex/latex/graphics-cfg/color.cfg
File: color.cfg 2016/01/02 v1.6 sample color configuration
)
Package color Info: Driver file: pdftex.def on input line 147.

(/usr/local/texlive/2020/texmf-dist/tex/latex/graphics-def/pdftex.def
File: pdftex.def 2018/01/08 v1.0l Graphics/color driver for pdftex
))
(/usr/local/texlive/2020/texmf-dist/tex/latex/graphics/graphics.sty
Package: graphics 2019/11/30 v1.4a Standard LaTeX Graphics (DPC,SPQR)

(/usr/local/texlive/2020/texmf-dist/tex/latex/graphics/trig.sty
Package: trig 2016/01/03 v1.10 sin cos tan (DPC)
)
(/usr/local/texlive/2020/texmf-dist/tex/latex/graphics-cfg/graphics.cfg
File: graphics.cfg 2016/06/04 v1.11 sample graphics configuration
)
Package graphics Info: Driver file: pdftex.def on input line 105.
)
\CROP@offset=\count168
Package crop Info: Local config file crop.cfg used on input line 605.

(/usr/local/texlive/2020/texmf-dist/tex/xelatex/xetexconfig/crop.cfg))
(/usr/local/texlive/2020/texmf-dist/tex/latex/graphics/graphicx.sty
Package: graphicx 2019/11/30 v1.2a Enhanced LaTeX Graphics (DPC,SPQR)

(/usr/local/texlive/2020/texmf-dist/tex/latex/graphics/keyval.sty
Package: keyval 2014/10/28 v1.15 key=value parser (DPC)
\KV@toks@=\toks15
)
\Gin@req@height=\dimen136
\Gin@req@width=\dimen137
)
(/usr/local/texlive/2020/texmf-dist/tex/latex/caption/caption.sty
Package: caption 2020/01/03 v3.4h Customizing captions (AR)

(/usr/local/texlive/2020/texmf-dist/tex/latex/caption/caption3.sty
Package: caption3 2020/01/03 v1.8h caption3 kernel (AR)
Package caption3 Info: TeX engine: e-TeX on input line 61.
\captionmargin=\dimen138
\captionmargin@=\dimen139
\captionwidth=\dimen140
\caption@tempdima=\dimen141
\caption@indent=\dimen142
\caption@parindent=\dimen143
\caption@hangindent=\dimen144
\abovecaptionskip=\skip47
\belowcaptionskip=\skip48
Package caption Info: Unknown document class (or package),
(caption)             standard defaults will be used.
Package caption Info: \@makecaption = undefined on input line 1082.
)

Package caption Warning: Unknown document class (or package),
(caption)                standard defaults will be used.
See the caption package documentation for explanation.

\c@caption@flags=\count169
\c@continuedfloat=\count170
) (/usr/local/texlive/2020/texmf-dist/tex/latex/amsmath/amsmath.sty
Package: amsmath 2020/01/20 v2.17e AMS math features
\@mathmargin=\skip49

For additional information on amsmath, use the `?' option.
(/usr/local/texlive/2020/texmf-dist/tex/latex/amsmath/amstext.sty
Package: amstext 2000/06/29 v2.01 AMS text

(/usr/local/texlive/2020/texmf-dist/tex/latex/amsmath/amsgen.sty
File: amsgen.sty 1999/11/30 v2.0 generic functions
\@emptytoks=\toks16
\ex@=\dimen145
))
(/usr/local/texlive/2020/texmf-dist/tex/latex/amsmath/amsbsy.sty
Package: amsbsy 1999/11/29 v1.2d Bold Symbols
\pmbraise@=\dimen146
)
(/usr/local/texlive/2020/texmf-dist/tex/latex/amsmath/amsopn.sty
Package: amsopn 2016/03/08 v2.02 operator names
)
\inf@bad=\count171
LaTeX Info: Redefining \frac on input line 227.
\uproot@=\count172
\leftroot@=\count173
LaTeX Info: Redefining \overline on input line 389.
\classnum@=\count174
\DOTSCASE@=\count175
LaTeX Info: Redefining \ldots on input line 486.
LaTeX Info: Redefining \dots on input line 489.
LaTeX Info: Redefining \cdots on input line 610.
\Mathstrutbox@=\box45
\strutbox@=\box46
\big@size=\dimen147
LaTeX Font Info:    Redeclaring font encoding OML on input line 733.
LaTeX Font Info:    Redeclaring font encoding OMS on input line 734.
\macc@depth=\count176
\c@MaxMatrixCols=\count177
\dotsspace@=\muskip16
\c@parentequation=\count178
\dspbrk@lvl=\count179
\tag@help=\toks17
\row@=\count180
\column@=\count181
\maxfields@=\count182
\andhelp@=\toks18
\eqnshift@=\dimen148
\alignsep@=\dimen149
\tagshift@=\dimen150
\tagwidth@=\dimen151
\totwidth@=\dimen152
\lineht@=\dimen153
\@envbody=\toks19
\multlinegap=\skip50
\multlinetaggap=\skip51
\mathdisplay@stack=\toks20
LaTeX Info: Redefining \[ on input line 2859.
LaTeX Info: Redefining \] on input line 2860.
)
(/usr/local/texlive/2020/texmf-dist/tex/latex/tools/array.sty
Package: array 2019/08/31 v2.4l Tabular extension package (FMi)
\col@sep=\dimen154
\ar@mcellbox=\box47
\extrarowheight=\dimen155
\NC@list=\toks21
\extratabsurround=\skip52
\backup@length=\skip53
\ar@cellbox=\box48
)
(/usr/local/texlive/2020/texmf-dist/tex/latex/xcolor/xcolor.sty
Package: xcolor 2016/05/11 v2.12 LaTeX color extensions (UK)

(/usr/local/texlive/2020/texmf-dist/tex/latex/graphics-cfg/color.cfg
File: color.cfg 2016/01/02 v1.6 sample color configuration
)
Package xcolor Info: Driver file: pdftex.def on input line 225.
LaTeX Info: Redefining \color on input line 709.
Package xcolor Info: Model `cmy' substituted by `cmy0' on input line 1348.
Package xcolor Info: Model `hsb' substituted by `rgb' on input line 1352.
Package xcolor Info: Model `RGB' extended on input line 1364.
Package xcolor Info: Model `HTML' substituted by `rgb' on input line 1366.
Package xcolor Info: Model `Hsb' substituted by `hsb' on input line 1367.
Package xcolor Info: Model `tHsb' substituted by `hsb' on input line 1368.
Package xcolor Info: Model `HSB' substituted by `hsb' on input line 1369.
Package xcolor Info: Model `Gray' substituted by `gray' on input line 1370.
Package xcolor Info: Model `wave' substituted by `hsb' on input line 1371.
)
(/usr/local/texlive/2020/texmf-dist/tex/latex/amsfonts/amssymb.sty
Package: amssymb 2013/01/14 v3.01 AMS font symbols

(/usr/local/texlive/2020/texmf-dist/tex/latex/amsfonts/amsfonts.sty
Package: amsfonts 2013/01/14 v3.01 Basic AMSFonts support
\symAMSa=\mathgroup4
\symAMSb=\mathgroup5
LaTeX Font Info:    Redeclaring math symbol \hbar on input line 98.
LaTeX Font Info:    Overwriting math alphabet `\mathfrak' in version `bold'
(Font)                  U/euf/m/n --> U/euf/b/n on input line 106.
))
(/usr/local/texlive/2020/texmf-dist/tex/latex/sttools/flushend.sty
Package: flushend 2017/03/27 v3.3 Balancing columns in twocolumn mode
\flushend@@lastskip@a=\skip54
\flushend@@lastskip@b=\skip55
\flushend@@lastskip@c=\skip56
\flushend@@penalty@a=\count183
\flushend@@lastkern@a=\dimen156
\var@@temp@spread=\dimen157
\var@@temp@a=\dimen158
\flushend@@page@rule=\dimen159
\flushend@@varbox@a=\box49
\flushend@@varbox@c=\box50
\flushend@@tempbox@a=\box51
\flushend@@tempbox@c=\box52
\@viper=\box53
\hold@viper=\box54
\atColsBreak=\toks22
\atColsEnd=\toks23

(/usr/local/texlive/2020/texmf-dist/tex/latex/etoolbox/etoolbox.sty
Package: etoolbox 2019/09/21 v2.5h e-TeX tools for LaTeX (JAW)
\etb@tempcnta=\count184
))
(/usr/local/texlive/2020/texmf-dist/tex/latex/sttools/stfloats.sty
Package: stfloats 2017/03/27 v3.3 Improve float mechanism and baselineskip sett
ings
\@dblbotnum=\count185
\c@dblbotnumber=\count186
)
(/usr/local/texlive/2020/texmf-dist/tex/latex/graphics/rotating.sty
Package: rotating 2016/08/11 v2.16d rotated objects in LaTeX

(/usr/local/texlive/2020/texmf-dist/tex/latex/base/ifthen.sty
Package: ifthen 2014/09/29 v1.1c Standard LaTeX ifthen package (DPC)
)
\c@r@tfl@t=\count187
\rotFPtop=\skip57
\rotFPbot=\skip58
\rot@float@box=\box55
\rot@mess@toks=\toks24
)
(/usr/local/texlive/2020/texmf-dist/tex/latex/changepage/chngpage.sty
Package: chngpage 2009/10/20 v1.2b change page layout
\c@cp@cnt=\count188
\c@cp@tempcnt=\count189
)
(/usr/local/texlive/2020/texmf-dist/tex/latex/totcount/totcount.sty
Package: totcount 2011/01/25 v1.2 package for gettingthe total value of LaTeX c
ounters
)
(/usr/local/texlive/2020/texmf-dist/tex/latex/base/fix-cm.sty
Package: fix-cm 2015/01/14 v1.1t fixes to LaTeX

(/usr/local/texlive/2020/texmf-dist/tex/latex/base/ts1enc.def
File: ts1enc.def 2001/06/05 v3.0e (jk/car/fm) Standard LaTeX file
LaTeX Font Info:    Redeclaring font encoding TS1 on input line 47.
))
\croppaperwidth=\dimen160
\croppaperheight=\dimen161
\Croppdfwidth=\dimen162
\Croppdfheight=\dimen163
\Trimpdfwidth=\dimen164
\Trimpdfheight=\dimen165
\CP@toff@wd=\dimen166
\CP@toff@ht=\dimen167
\CP@boff@wd=\dimen168
\CP@boff@ht=\dimen169
\CP@crop@wd=\dimen170
\CP@crop@ht=\dimen171
\CP@bled@wd=\dimen172
\CP@bled@ht=\dimen173
\CP@trim@wd=\dimen174
\CP@trim@ht=\dimen175
\c@section=\count190
\c@subsection=\count191
\c@subsubsection=\count192
\c@paragraph=\count193
\c@subparagraph=\count194
\c@figure=\count195
\c@table=\count196
\dropfromtop=\skip59
\c@myauthcount=\count197
\c@myauthcount@totc=\count198
\c@myhistorycount=\count199
\c@myhistorycount@totc=\count266
\c@myaddcount=\count267
\c@myaddcount@totc=\count268
\extraspace=\skip60
\aboveskipchk=\skip61
\titlepagewd=\skip62
\rotdimen=\dimen176
\tempdime=\dimen177
\temptbox=\box56

(/usr/local/texlive/2020/texmf-dist/tex/latex/natbib/natbib.sty
Package: natbib 2010/09/13 8.31b (PWD, AO)
\bibhang=\skip63
\bibsep=\skip64
LaTeX Info: Redefining \cite on input line 694.
\c@NAT@ctr=\count269
)
(/usr/local/texlive/2020/texmf-dist/tex/latex/wrapfig/wrapfig.sty
\wrapoverhang=\dimen178
\WF@size=\dimen179
\c@WF@wrappedlines=\count270
\WF@box=\box57
\WF@everypar=\toks25
Package: wrapfig 2003/01/31  v 3.6
)
\wraplines=\count271
\@authorfigbox=\box58
\@authorfigboxdim=\skip65
\biofigadjskip=\skip66

(/usr/local/texlive/2020/texmf-dist/tex/latex/amscls/amsthm.sty
Package: amsthm 2017/10/31 v2.20.4
\thm@style=\toks26
\thm@bodyfont=\toks27
\thm@headfont=\toks28
\thm@notefont=\toks29
\thm@headpunct=\toks30
\thm@preskip=\skip67
\thm@postskip=\skip68
\thm@headsep=\skip69
\dth@everypar=\toks31
)
(/usr/local/texlive/2020/texmf-dist/tex/latex/subfloat/subfloat.sty
Package: subfloat 2003/08/21 version 2.14

Package `subfloat', Version 2.14 of 2003/08/21.

Package subfloat Warning: Numbers of floats not counted:
(subfloat)                If you use one of the counters subfloatfiguremax or
(subfloat)                subfloattablemax you will get strange error messages
(subfloat)                containing \c@subfloatfiguremax or
(subfloat)                \c@subfloattablemax:
(subfloat)                Please switch on countmax or remove the code using
(subfloat)                the counter then..

) (/usr/local/texlive/2020/texmf-dist/tex/latex/subfig/subfig.sty
Package: subfig 2005/06/28 ver: 1.3 subfig package


Package subfig Warning: Your document class has a bad definition
 of \endfigure, most likely
 \let\endfigure=\end@float
 which has now been changed to
 \def\endfigure{\end@float}
 because otherwise subsequent changes to \end@float
 (like done by several packages changing float behaviour)
 can't take effect on \endfigure.
 Please complain to your document class author.

\c@KVtest=\count272
\sf@farskip=\skip70
\sf@captopadj=\dimen180
\sf@capskip=\skip71
\sf@nearskip=\skip72
\c@subfigure=\count273
\c@subfigure@save=\count274
\c@lofdepth=\count275
\c@subtable=\count276
\c@subtable@save=\count277
\c@lotdepth=\count278
\sf@top=\skip73
\sf@bottom=\skip74
) (/usr/local/texlive/2020/texmf-dist/tex/latex/multirow/multirow.sty
Package: multirow 2019/05/31 v2.5 Span multiple rows of a table
\multirow@colwidth=\skip75
\multirow@cntb=\count279
\multirow@dima=\skip76
\bigstrutjot=\dimen181
)
(/usr/local/texlive/2020/texmf-dist/tex/latex/mdwtools/footnote.sty
Package: footnote 1997/01/28 1.13 Save footnotes around boxes
\fn@notes=\box59
\fn@width=\dimen182
)
(/usr/local/texlive/2020/texmf-dist/tex/latex/url/url.sty
\Urlmuskip=\muskip17
Package: url 2013/09/16  ver 3.4  Verb mode for urls, etc.
)
(/usr/local/texlive/2020/texmf-dist/tex/latex/jknapltx/mathrsfs.sty
Package: mathrsfs 1996/01/01 Math RSFS package v1.0 (jk)
\symrsfs=\mathgroup6
)
(/usr/local/texlive/2020/texmf-dist/tex/latex/algorithms/algorithm.sty
Package: algorithm 2009/08/24 v0.1 Document Style `algorithm' - floating enviro
nment

(/usr/local/texlive/2020/texmf-dist/tex/latex/float/float.sty
Package: float 2001/11/08 v1.3d Float enhancements (AL)
\c@float@type=\count280
\float@exts=\toks32
\float@box=\box60
\@float@everytoks=\toks33
\@floatcapt=\box61
)
\@float@every@algorithm=\toks34
\c@algorithm=\count281
)
(/usr/local/texlive/2020/texmf-dist/tex/latex/algorithmicx/algorithmicx.sty
Package: algorithmicx 2005/04/27 v1.2 Algorithmicx

Document Style algorithmicx 1.2 - a greatly improved `algorithmic' style
\c@ALG@line=\count282
\c@ALG@rem=\count283
\c@ALG@nested=\count284
\ALG@tlm=\skip77
\ALG@thistlm=\skip78
\c@ALG@Lnr=\count285
\c@ALG@blocknr=\count286
\c@ALG@storecount=\count287
\c@ALG@tmpcounter=\count288
\ALG@tmplength=\skip79
) (/usr/local/texlive/2020/texmf-dist/tex/latex/algorithmicx/algpseudocode.sty
Package: algpseudocode 

Document Style - pseudocode environments for use with the `algorithmicx' style
) (/usr/local/texlive/2020/texmf-dist/tex/latex/listings/listings.sty
\lst@mode=\count289
\lst@gtempboxa=\box62
\lst@token=\toks35
\lst@length=\count290
\lst@currlwidth=\dimen183
\lst@column=\count291
\lst@pos=\count292
\lst@lostspace=\dimen184
\lst@width=\dimen185
\lst@newlines=\count293
\lst@lineno=\count294
\lst@maxwidth=\dimen186

(/usr/local/texlive/2020/texmf-dist/tex/latex/listings/lstmisc.sty
File: lstmisc.sty 2020/03/24 1.8d (Carsten Heinz)
\c@lstnumber=\count295
\lst@skipnumbers=\count296
\lst@framebox=\box63
)
(/usr/local/texlive/2020/texmf-dist/tex/latex/listings/listings.cfg
File: listings.cfg 2020/03/24 1.8d listings configuration
))
Package: listings 2020/03/24 1.8d (Carsten Heinz)

(/usr/local/texlive/2020/texmf-dist/tex/latex/appendix/appendix.sty
Package: appendix 2020/02/08 v1.2c extra appendix facilities


Package appendix Warning: No \appendix command in this document class!
(appendix)                Trying to create an appendix will probably fail.

\c@@pps=\count297
\c@@ppsavesec=\count298
\c@@ppsaveapp=\count299
) (/usr/local/texlive/2020/texmf-dist/tex/latex/hyperref/hyperref.sty
Package: hyperref 2020/01/14 v7.00d Hypertext links for LaTeX

(/usr/local/texlive/2020/texmf-dist/tex/generic/ltxcmds/ltxcmds.sty
Package: ltxcmds 2019/12/15 v1.24 LaTeX kernel commands for general use (HO)
)
(/usr/local/texlive/2020/texmf-dist/tex/generic/iftex/iftex.sty
Package: iftex 2020/03/06 v1.0d TeX engine tests
)
(/usr/local/texlive/2020/texmf-dist/tex/latex/pdftexcmds/pdftexcmds.sty
Package: pdftexcmds 2019/11/24 v0.31 Utility functions of pdfTeX for LuaTeX (HO
)

(/usr/local/texlive/2020/texmf-dist/tex/generic/infwarerr/infwarerr.sty
Package: infwarerr 2019/12/03 v1.5 Providing info/warning/error messages (HO)
)
Package pdftexcmds Info: \pdf@primitive is available.
Package pdftexcmds Info: \pdf@ifprimitive is available.
Package pdftexcmds Info: \pdfdraftmode found.
)
(/usr/local/texlive/2020/texmf-dist/tex/generic/kvsetkeys/kvsetkeys.sty
Package: kvsetkeys 2019/12/15 v1.18 Key value parser (HO)
)
(/usr/local/texlive/2020/texmf-dist/tex/generic/kvdefinekeys/kvdefinekeys.sty
Package: kvdefinekeys 2019-12-19 v1.6 Define keys (HO)
)
(/usr/local/texlive/2020/texmf-dist/tex/generic/pdfescape/pdfescape.sty
Package: pdfescape 2019/12/09 v1.15 Implements pdfTeX's escape features (HO)
)
(/usr/local/texlive/2020/texmf-dist/tex/latex/hycolor/hycolor.sty
Package: hycolor 2020-01-27 v1.10 Color options for hyperref/bookmark (HO)
)
(/usr/local/texlive/2020/texmf-dist/tex/latex/letltxmacro/letltxmacro.sty
Package: letltxmacro 2019/12/03 v1.6 Let assignment for LaTeX macros (HO)
)
(/usr/local/texlive/2020/texmf-dist/tex/latex/auxhook/auxhook.sty
Package: auxhook 2019-12-17 v1.6 Hooks for auxiliary files (HO)
)
(/usr/local/texlive/2020/texmf-dist/tex/latex/kvoptions/kvoptions.sty
Package: kvoptions 2019/11/29 v3.13 Key value format for package options (HO)
)
\@linkdim=\dimen187
\Hy@linkcounter=\count300
\Hy@pagecounter=\count301

(/usr/local/texlive/2020/texmf-dist/tex/latex/hyperref/pd1enc.def
File: pd1enc.def 2020/01/14 v7.00d Hyperref: PDFDocEncoding definition (HO)
Now handling font encoding PD1 ...
... no UTF-8 mapping file for font encoding PD1
)
(/usr/local/texlive/2020/texmf-dist/tex/generic/intcalc/intcalc.sty
Package: intcalc 2019/12/15 v1.3 Expandable calculations with integers (HO)
)
(/usr/local/texlive/2020/texmf-dist/tex/generic/etexcmds/etexcmds.sty
Package: etexcmds 2019/12/15 v1.7 Avoid name clashes with e-TeX commands (HO)
)
\Hy@SavedSpaceFactor=\count302
Package hyperref Info: Hyper figures OFF on input line 4547.
Package hyperref Info: Link nesting OFF on input line 4552.
Package hyperref Info: Hyper index ON on input line 4555.
Package hyperref Info: Plain pages OFF on input line 4562.
Package hyperref Info: Backreferencing OFF on input line 4567.
Package hyperref Info: Implicit mode ON; LaTeX internals redefined.
Package hyperref Info: Bookmarks ON on input line 4800.
\c@Hy@tempcnt=\count303
LaTeX Info: Redefining \url on input line 5159.
\XeTeXLinkMargin=\dimen188

(/usr/local/texlive/2020/texmf-dist/tex/generic/bitset/bitset.sty
Package: bitset 2019/12/09 v1.3 Handle bit-vector datatype (HO)

(/usr/local/texlive/2020/texmf-dist/tex/generic/bigintcalc/bigintcalc.sty
Package: bigintcalc 2019/12/15 v1.5 Expandable calculations on big integers (HO
)
))
\Fld@menulength=\count304
\Field@Width=\dimen189
\Fld@charsize=\dimen190
Package hyperref Info: Hyper figures OFF on input line 6430.
Package hyperref Info: Link nesting OFF on input line 6435.
Package hyperref Info: Hyper index ON on input line 6438.
Package hyperref Info: backreferencing OFF on input line 6445.
Package hyperref Info: Link coloring OFF on input line 6450.
Package hyperref Info: Link coloring with OCG OFF on input line 6455.
Package hyperref Info: PDF/A mode OFF on input line 6460.
LaTeX Info: Redefining \ref on input line 6500.
LaTeX Info: Redefining \pageref on input line 6504.

(/usr/local/texlive/2020/texmf-dist/tex/generic/atbegshi/atbegshi.sty
Package: atbegshi 2019/12/05 v1.19 At begin shipout hook (HO)
Package atbegshi Info: Package `crop' patched.
)
\Hy@abspage=\count305
\c@Item=\count306
\c@Hfootnote=\count307
)
Package hyperref Info: Driver (autodetected): hpdftex.

(/usr/local/texlive/2020/texmf-dist/tex/latex/hyperref/hpdftex.def
File: hpdftex.def 2020/01/14 v7.00d Hyperref driver for pdfTeX

(/usr/local/texlive/2020/texmf-dist/tex/latex/atveryend/atveryend.sty
Package: atveryend 2019-12-11 v1.11 Hooks at the very end of document (HO)
)
\Fld@listcount=\count308
\c@bookmark@seq@number=\count309

(/usr/local/texlive/2020/texmf-dist/tex/latex/rerunfilecheck/rerunfilecheck.sty
Package: rerunfilecheck 2019/12/05 v1.9 Rerun checks for auxiliary files (HO)

(/usr/local/texlive/2020/texmf-dist/tex/generic/uniquecounter/uniquecounter.sty
Package: uniquecounter 2019/12/15 v1.4 Provide unlimited unique counter (HO)
)
Package uniquecounter Info: New unique counter `rerunfilecheck' on input line 2
86.
)
\Hy@SectionHShift=\skip80
)) (/usr/local/texlive/2020/texmf-dist/tex/latex/lineno/lineno.sty
Package: lineno 2005/11/02 line numbers on paragraphs v4.41
\linenopenalty=\count310
\output=\toks36
\linenoprevgraf=\count311
\linenumbersep=\dimen191
\linenumberwidth=\dimen192
\c@linenumber=\count312
\c@pagewiselinenumber=\count313
\c@LN@truepage=\count314
\c@internallinenumber=\count315
\c@internallinenumbers=\count316
\quotelinenumbersep=\dimen193
\bframerule=\dimen194
\bframesep=\dimen195
\bframebox=\box64
LaTeX Info: Redefining \\ on input line 3056.
)
\c@theorem=\count317
\c@ambirule=\count318
\c@example=\count319
\c@remark=\count320
\c@definition=\count321

(/usr/local/texlive/2020/texmf-dist/tex/latex/l3backend/l3backend-pdfmode.def
File: l3backend-pdfmode.def 2020-03-12 L3 backend support: PDF mode
\l__kernel_color_stack_int=\count322
\l__pdf_internal_box=\box65
)
(./genambi_submit.aux

LaTeX Warning: Label `sec: 4.1' multiply defined.

)
\openout1 = `genambi_submit.aux'.

LaTeX Font Info:    Checking defaults for OML/cmm/m/it on input line 67.
LaTeX Font Info:    ... okay on input line 67.
LaTeX Font Info:    Checking defaults for OMS/cmsy/m/n on input line 67.
LaTeX Font Info:    ... okay on input line 67.
LaTeX Font Info:    Checking defaults for OT1/cmr/m/n on input line 67.
LaTeX Font Info:    ... okay on input line 67.
LaTeX Font Info:    Checking defaults for T1/cmr/m/n on input line 67.
LaTeX Font Info:    ... okay on input line 67.
LaTeX Font Info:    Checking defaults for TS1/cmr/m/n on input line 67.
LaTeX Font Info:    ... okay on input line 67.
LaTeX Font Info:    Checking defaults for OMX/cmex/m/n on input line 67.
LaTeX Font Info:    ... okay on input line 67.
LaTeX Font Info:    Checking defaults for U/cmr/m/n on input line 67.
LaTeX Font Info:    ... okay on input line 67.
LaTeX Font Info:    Checking defaults for PD1/pdf/m/n on input line 67.
LaTeX Font Info:    ... okay on input line 67.
 (/usr/local/texlive/2020/texmf-dist/tex/context/base/mkii/supp-pdf.mkii
[Loading MPS to PDF converter (version 2006.09.02).]
\scratchcounter=\count323
\scratchdimen=\dimen196
\scratchbox=\box66
\nofMPsegments=\count324
\nofMParguments=\count325
\everyMPshowfont=\toks37
\MPscratchCnt=\count326
\MPscratchDim=\dimen197
\MPnumerator=\count327
\makeMPintoPDFobject=\count328
\everyMPtoPDFconversion=\toks38
) (/usr/local/texlive/2020/texmf-dist/tex/latex/epstopdf-pkg/epstopdf-base.sty
Package: epstopdf-base 2020-01-24 v2.11 Base part for package epstopdf

(/usr/local/texlive/2020/texmf-dist/tex/latex/grfext/grfext.sty
Package: grfext 2019/12/03 v1.3 Manage graphics extensions (HO)
)
Package epstopdf-base Info: Redefining graphics rule for `.eps' on input line 4
85.
Package grfext Info: Graphics extension search list:
(grfext)             [.pdf,.png,.jpg,.mps,.jpeg,.jbig2,.jb2,.PDF,.PNG,.JPG,.JPE
G,.JBIG2,.JB2,.eps]
(grfext)             \AppendGraphicsExtensions on input line 504.

(/usr/local/texlive/2020/texmf-dist/tex/latex/latexconfig/epstopdf-sys.cfg
File: epstopdf-sys.cfg 2010/07/13 v1.3 Configuration of (r)epstopdf for TeX Liv
e
))
Package crop Info: requested driver: `' on input line 67.
Package crop Info: detected driver: `pdftex' on input line 67.
Package crop Info: using `pdftex' graphics driver on input line 67.
Package caption Info: Begin \AtBeginDocument code.
Package caption Info: subfig package v1.3 is loaded.
Package caption Info: float package is loaded.
Package caption Info: hyperref package is loaded.
Package caption Info: listings package is loaded.
Package caption Info: rotating package is loaded.
Package caption Info: wrapfig package is loaded.
Package caption Info: End \AtBeginDocument code.
LaTeX Font Info:    Redeclaring symbol font `AMSa' on input line 67.
LaTeX Font Info:    Overwriting symbol font `AMSa' in version `normal'
(Font)                  U/msa/m/n --> U/msa/m/n on input line 67.
LaTeX Font Info:    Overwriting symbol font `AMSa' in version `bold'
(Font)                  U/msa/m/n --> U/msa/m/n on input line 67.
\c@lstlisting=\count329
\AtBeginShipoutBox=\box67
Package hyperref Info: Link coloring OFF on input line 67.

(/usr/local/texlive/2020/texmf-dist/tex/latex/hyperref/nameref.sty
Package: nameref 2019/09/16 v2.46 Cross-referencing by name of section

(/usr/local/texlive/2020/texmf-dist/tex/latex/refcount/refcount.sty
Package: refcount 2019/12/15 v3.6 Data extraction from label references (HO)
)
(/usr/local/texlive/2020/texmf-dist/tex/generic/gettitlestring/gettitlestring.s
ty
Package: gettitlestring 2019/12/15 v1.6 Cleanup title references (HO)
)
\c@section@level=\count330
)
LaTeX Info: Redefining \ref on input line 67.
LaTeX Info: Redefining \pageref on input line 67.
LaTeX Info: Redefining \nameref on input line 67.
 (./genambi_submit.out) (./genambi_submit.out)
\@outlinefile=\write3
\openout3 = `genambi_submit.out'.


Overfull \hbox (53.5pt too wide) in paragraph at lines 131--131
| [][][] 
 []


Overfull \hbox (53.5pt too wide) in paragraph at lines 131--131
| [][][] 
 []


Underfull \hbox (badness 10000) in paragraph at lines 131--131

 []


LaTeX Warning: No \author given.

LaTeX Font Info:    Calculating math sizes for size <13.04874> on input line 13
1.
LaTeX Font Info:    Trying to load font information for U+msa on input line 131
.
(/usr/local/texlive/2020/texmf-dist/tex/latex/amsfonts/umsa.fd
File: umsa.fd 2013/01/14 v3.01 AMS symbols A
)
LaTeX Font Info:    Trying to load font information for U+msb on input line 131
.

(/usr/local/texlive/2020/texmf-dist/tex/latex/amsfonts/umsb.fd
File: umsb.fd 2013/01/14 v3.01 AMS symbols B
)
LaTeX Font Info:    Trying to load font information for U+rsfs on input line 13
1.

(/usr/local/texlive/2020/texmf-dist/tex/latex/jknapltx/ursfs.fd
File: ursfs.fd 1998/03/24 rsfs font definition file (jk)
)

LaTeX Font Warning: Font shape `U/rsfs/m/n' in size <13.04874> not available
(Font)              size <12> substituted on input line 131.


LaTeX Font Warning: Font shape `U/rsfs/m/n' in size <6.52437> not available
(Font)              size <7> substituted on input line 131.

LaTeX Font Info:    Calculating math sizes for size <9.13406> on input line 131
.

LaTeX Font Warning: Font shape `U/rsfs/m/n' in size <4.56703> not available
(Font)              size <5> substituted on input line 131.

LaTeX Font Info:    Calculating math sizes for size <7.52812> on input line 131
.

LaTeX Font Warning: Font shape `U/rsfs/m/n' in size <7.52812> not available
(Font)              size <8> substituted on input line 131.


LaTeX Font Warning: Font shape `U/rsfs/m/n' in size <3.76405> not available
(Font)              size <5> substituted on input line 131.

LaTeX Font Info:    Calculating math sizes for size <6.52437> on input line 131
.

LaTeX Font Warning: Font shape `U/rsfs/m/n' in size <3.26218> not available
(Font)              size <5> substituted on input line 131.

LaTeX Font Info:    Calculating math sizes for size <4.56703> on input line 131
.

LaTeX Font Warning: Font shape `U/rsfs/m/n' in size <3.1969> not available
(Font)              size <5> substituted on input line 131.


LaTeX Font Warning: Font shape `U/rsfs/m/n' in size <2.28351> not available
(Font)              size <5> substituted on input line 131.


Overfull \hbox (53.5pt too wide) in paragraph at lines 131--131
[][][] 
 []


Overfull \hbox (53.5pt too wide) in paragraph at lines 131--131
[][][]
 []


Underfull \hbox (badness 10000) in paragraph at lines 131--131

 []


Underfull \hbox (badness 1137) in paragraph at lines 135--151
\OT1/cmr/m/n/7.52812 we say that these narnaviruses are \OT1/cmr/m/it/7.52812 a
mbigrammatic\OT1/cmr/m/n/7.52812 . The
 []


Underfull \hbox (badness 1028) in paragraph at lines 135--151
\OT1/cmr/m/n/7.52812 In this paper we discuss how polymorphisms of sampled
 []


Underfull \vbox (badness 10000) has occurred while \output is active []


Underfull \vbox (badness 10000) has occurred while \output is active []

 [1
Non-PDF special ignored!
<special> ps: [{ThisPage} << /CropBox [0 0 595.26013 782.33696] >> /PUT pdf...

{/usr/local/texlive/2020/texmf-var/fonts/map/pdftex/updmap/pdftex.map}


]
Underfull \hbox (badness 1067) in paragraph at lines 181--209
\OT1/cmr/m/it/7.52812 Culex narnavirus 1 \OT1/cmr/m/n/7.52812 and $12$ RdRp seg
ments of \OT1/cmr/m/it/7.52812 Zhejiang
 []

<narna-zhcx.png, id=141, 663.47874pt x 870.25125pt>
File: narna-zhcx.png Graphic file (type png)
<use narna-zhcx.png>
Package pdftex.def Info: narna-zhcx.png  used on input line 212.
(pdftex.def)             Requested size: 244.25pt x 320.36789pt.

Overfull \hbox (9.0pt too wide) in paragraph at lines 212--217
 [] 
 []

LaTeX Font Info:    Calculating math sizes for size <6.02249> on input line 217
.

LaTeX Font Warning: Font shape `U/rsfs/m/n' in size <4.21571> not available
(Font)              size <5> substituted on input line 217.


LaTeX Font Warning: Font shape `U/rsfs/m/n' in size <3.01125> not available
(Font)              size <5> substituted on input line 217.


Underfull \hbox (badness 1931) in paragraph at lines 244--250
\OT1/cmr/m/n/7.52812 that has its codons aligned with those on the forward
 []


Overfull \hbox (253.25pt too wide) has occurred while \output is active
[][][] 
 []


Overfull \vbox (1.0pt too high) has occurred while \output is active []

 [2
Non-PDF special ignored!
<special> ps: [{ThisPage} << /CropBox [0 0 595.26013 782.33696] >> /PUT pdf...
 <./narna-zhcx.png>]
Overfull \hbox (253.25pt too wide) has occurred while \output is active
[][][] 
 []


Overfull \vbox (1.0pt too high) has occurred while \output is active []

 [3
Non-PDF special ignored!
<special> ps: [{ThisPage} << /CropBox [0 0 595.26013 782.33696] >> /PUT pdf...
]
Underfull \hbox (badness 2680) in paragraph at lines 373--379
\OT1/cmr/m/n/7.52812 We analysed data from samples of two ambigrammatic
 []


Overfull \hbox (3.05287pt too wide) in paragraph at lines 389--392
[]\OT1/cmr/bx/n/7.52812 The reverse open reading frame facilitates association
 []


Underfull \hbox (badness 1320) in paragraph at lines 395--402
[]\OT1/cmr/m/n/7.52812 Recently, additional evidence has emerged which may
 []


Underfull \hbox (badness 4913) in paragraph at lines 395--402
\OT1/cmr/m/n/7.52812 provide support for the second of these explanations.
 []


Underfull \hbox (badness 1436) in paragraph at lines 395--402
\OT1/cmr/m/n/7.52812 Specifically, the CNV infection has recently been shown
 []


Underfull \hbox (badness 1331) in paragraph at lines 395--402
\OT1/cmr/m/n/7.52812 designation is determined by which amino acid sequence
 []


Underfull \vbox (badness 10000) has occurred while \output is active []


Underfull \hbox (badness 1137) in paragraph at lines 468--471
[]\OT1/cmr/m/n/7.52812 The null hypothesis, indicating that the reverse open
 []


Overfull \hbox (253.25pt too wide) has occurred while \output is active
[][][] 
 []


Overfull \vbox (1.0pt too high) has occurred while \output is active []

 [4
Non-PDF special ignored!
<special> ps: [{ThisPage} << /CropBox [0 0 595.26013 782.33696] >> /PUT pdf...
]
Underfull \hbox (badness 2359) in paragraph at lines 547--561
\OT1/cmr/m/n/7.52812 We looked through assembled contig datasets from two
 []


Underfull \hbox (badness 4036) in paragraph at lines 586--592
\OT1/cmr/m/n/7.52812 (recall that there are twice as many transversions as
 []


Underfull \hbox (badness 1264) in paragraph at lines 619--626
\OT1/cmr/m/n/7.52812 We also determined the fraction of codons where multi-
 []


Underfull \hbox (badness 1490) in paragraph at lines 631--642
\OT1/cmr/m/n/7.52812 a potential issue with narnavirus sequences. Normalising
 []


Underfull \hbox (badness 1314) in paragraph at lines 643--644
[]\OT1/cmr/m/n/7.52812 Based upon these tables, we can make the following
 []


Overfull \hbox (253.25pt too wide) has occurred while \output is active
[][][] 
 []


Overfull \vbox (1.0pt too high) has occurred while \output is active []

 [5
Non-PDF special ignored!
<special> ps: [{ThisPage} << /CropBox [0 0 595.26013 782.33696] >> /PUT pdf...
]
Underfull \hbox (badness 1946) in paragraph at lines 647--651
[]\OT1/cmr/bx/n/7.52812 Diversity\OT1/cmr/m/n/7.52812 . We observe that both Rd
Rp and Robin
 []


Underfull \hbox (badness 1484) in paragraph at lines 647--651
\OT1/cmr/m/n/7.52812 segments are comparable in their diversity, for both
 []


Underfull \hbox (badness 1127) in paragraph at lines 652--659
\OT1/cmr/m/n/7.52812 sequences, more mutations are observed at the third
 []

<narna-diversity.png, id=227, 1202.091pt x 379.4175pt>
File: narna-diversity.png Graphic file (type png)
<use narna-diversity.png>
Package pdftex.def Info: narna-diversity.png  used on input line 693.
(pdftex.def)             Requested size: 439.64702pt x 138.76701pt.

Underfull \vbox (badness 10000) has occurred while \output is active []


Underfull \hbox (badness 1496) in paragraph at lines 758--762
\OT1/cmr/m/n/7.52812 hotspots test to all four sequences, as described by
 []


Underfull \hbox (badness 2050) in paragraph at lines 763--770
[]\OT1/cmr/bx/n/7.52812 Mutation rate test\OT1/cmr/m/n/7.52812 . We examined th
e number of
 []


Underfull \hbox (badness 1648) in paragraph at lines 763--770
\OT1/cmr/m/n/7.52812 mutations in the set of $\OML/cmm/m/it/7.52812 N[]$ \OT1/c
mr/m/n/7.52812 doubly-synonymous sites
 []


Underfull \hbox (badness 1331) in paragraph at lines 763--770
\OT1/cmr/m/n/7.52812 which were variable. We found (table []5[]) that many
 []


Overfull \hbox (1.45876pt too wide) in paragraph at lines 773--788
[]\OT1/cmr/m/n/7.52812 The ratios of non-synonymous to synonymous mutations,
 []


Overfull \hbox (3.94331pt too wide) in paragraph at lines 801--837
[]$[]$ $[]$ $[]$ 
 []


LaTeX Warning: `h' float specifier changed to `ht'.


Underfull \vbox (badness 10000) has occurred while \output is active []


Overfull \hbox (253.25pt too wide) has occurred while \output is active
[][][] 
 []


Overfull \vbox (1.0pt too high) has occurred while \output is active []

 [6
Non-PDF special ignored!
<special> ps: [{ThisPage} << /CropBox [0 0 595.26013 782.33696] >> /PUT pdf...
]
Underfull \hbox (badness 1024) in paragraph at lines 859--875
\OT1/cmr/m/it/7.52812 Zhejiang mosquito virus 3\OT1/cmr/m/n/7.52812 . There was
 no evidence that
 []


Underfull \vbox (badness 10000) has occurred while \output is active []


Underfull \hbox (badness 1024) in paragraph at lines 885--888
\OT1/cmr/m/n/7.52812 indicate that both RdRp and Robin are under purifying
 []


Underfull \vbox (badness 10000) has occurred while \output is active []


Overfull \hbox (253.25pt too wide) has occurred while \output is active
[][][] 
 []


Overfull \vbox (1.0pt too high) has occurred while \output is active []

 [7
Non-PDF special ignored!
<special> ps: [{ThisPage} << /CropBox [0 0 595.26013 782.33696] >> /PUT pdf...
 <./narna-diversity.png>]
Overfull \hbox (0.69302pt too wide) in paragraph at lines 896--909
[]\OT1/cmr/m/n/7.52812 Recent experiments indicate that ambigrammatic narnaviru
s
 []


Underfull \hbox (badness 1082) in paragraph at lines 896--909
\OT1/cmr/m/n/7.52812 genes display unusual ribosome profiles, with a `plateau'
 []


Underfull \vbox (badness 10000) has occurred while \output is active []


Overfull \hbox (253.25pt too wide) has occurred while \output is active
[][][] 
 []


Overfull \vbox (1.0pt too high) has occurred while \output is active []

 [8
Non-PDF special ignored!
<special> ps: [{ThisPage} << /CropBox [0 0 595.26013 782.33696] >> /PUT pdf...
] (./genambi_submit.bbl
Underfull \hbox (badness 4531) in paragraph at lines 23--28
[]\OT1/cmr/m/n/7.52812 J. Cepelewicz.  New clues about `ambigram' viruses
 []


Underfull \hbox (badness 6284) in paragraph at lines 23--28
\OT1/cmr/m/n/7.52812 with strange reversible genes.  \OT1/cmr/m/it/7.52812 Quan
ta Magazine\OT1/cmr/m/n/7.52812 ,
 []


Underfull \hbox (badness 10000) in paragraph at lines 23--28
\OT1/cmr/m/n/7.52812 2020.  URL []$\OT1/cmtt/m/n/7.52812 https : / / www . quan
tamagazine . org /
 []


Underfull \hbox (badness 10000) in paragraph at lines 23--28
\OT1/cmtt/m/n/7.52812 new-[]clues-[]about-[]ambigram-[]viruses-[]with-[]strange
-[] \
 []


Underfull \vbox (badness 10000) has occurred while \output is active []

)
- LAST -
Extra skip:0.0pt
Left:671.5pt/0.0pt
Right:671.5pt/0.0pt
Output:671.5pt

Overfull \hbox (253.25pt too wide) has occurred while \output is active
[][][] 
 []

[9
Non-PDF special ignored!
<special> ps: [{ThisPage} << /CropBox [0 0 595.26013 782.33696] >> /PUT pdf...
]
Package atveryend Info: Empty hook `BeforeClearDocument' on input line 966.
Package atveryend Info: Empty hook `AfterLastShipout' on input line 966.
 (./genambi_submit.aux)
Package atveryend Info: Executing hook `AtVeryEndDocument' on input line 966.
Package atveryend Info: Executing hook `AtEndAfterFileList' on input line 966.
Package rerunfilecheck Info: File `genambi_submit.out' has not changed.
(rerunfilecheck)             Checksum: A857DCF20C40F3249EEA4175DAE3F771;1204.


LaTeX Font Warning: Size substitutions with differences
(Font)              up to 2.71649pt have occurred.


LaTeX Warning: There were multiply-defined labels.

 ) 
Here is how much of TeX's memory you used:
 12305 strings out of 480608
 184047 string characters out of 5903629
 525587 words of memory out of 5000000
 27859 multiletter control sequences out of 15000+600000
 565153 words of font info for 149 fonts, out of 8000000 for 9000
 1145 hyphenation exceptions out of 8191
 49i,12n,46p,17357b,416s stack positions out of 5000i,500n,10000p,200000b,80000s
{/usr/local/texlive/2020/texmf-dist/fonts/enc/dvips/cm-super/cm-super-ts1.enc
}</usr/local/texlive/2020/texmf-dist/fonts/type1/public/amsfonts/cm/cmb10.pfb><
/usr/local/texlive/2020/texmf-dist/fonts/type1/public/amsfonts/cm/cmbsy10.pfb><
/usr/local/texlive/2020/texmf-dist/fonts/type1/public/amsfonts/cm/cmbx12.pfb></
usr/local/texlive/2020/texmf-dist/fonts/type1/public/amsfonts/cm/cmbx6.pfb></us
r/local/texlive/2020/texmf-dist/fonts/type1/public/amsfonts/cm/cmbx7.pfb></usr/
local/texlive/2020/texmf-dist/fonts/type1/public/amsfonts/cm/cmbx8.pfb></usr/lo
cal/texlive/2020/texmf-dist/fonts/type1/public/amsfonts/cmextra/cmex8.pfb></usr
/local/texlive/2020/texmf-dist/fonts/type1/public/amsfonts/cm/cmmi5.pfb></usr/l
ocal/texlive/2020/texmf-dist/fonts/type1/public/amsfonts/cm/cmmi6.pfb></usr/loc
al/texlive/2020/texmf-dist/fonts/type1/public/amsfonts/cm/cmmi7.pfb></usr/local
/texlive/2020/texmf-dist/fonts/type1/public/amsfonts/cm/cmr12.pfb></usr/local/t
exlive/2020/texmf-dist/fonts/type1/public/amsfonts/cm/cmr5.pfb></usr/local/texl
ive/2020/texmf-dist/fonts/type1/public/amsfonts/cm/cmr6.pfb></usr/local/texlive
/2020/texmf-dist/fonts/type1/public/amsfonts/cm/cmr7.pfb></usr/local/texlive/20
20/texmf-dist/fonts/type1/public/amsfonts/cm/cmr8.pfb></usr/local/texlive/2020/
texmf-dist/fonts/type1/public/amsfonts/cm/cmr9.pfb></usr/local/texlive/2020/tex
mf-dist/fonts/type1/public/amsfonts/cm/cmss8.pfb></usr/local/texlive/2020/texmf
-dist/fonts/type1/public/amsfonts/cm/cmsy5.pfb></usr/local/texlive/2020/texmf-d
ist/fonts/type1/public/amsfonts/cm/cmsy7.pfb></usr/local/texlive/2020/texmf-dis
t/fonts/type1/public/amsfonts/cm/cmti7.pfb></usr/local/texlive/2020/texmf-dist/
fonts/type1/public/amsfonts/cm/cmti8.pfb></usr/local/texlive/2020/texmf-dist/fo
nts/type1/public/amsfonts/cm/cmti9.pfb></usr/local/texlive/2020/texmf-dist/font
s/type1/public/amsfonts/cm/cmtt8.pfb></usr/local/texlive/2020/texmf-dist/fonts/
type1/public/cm-super/sfrm0600.pfb>
Output written on genambi_submit.pdf (9 pages, 645690 bytes).
PDF statistics:
 399 PDF objects out of 1000 (max. 8388607)
 356 compressed objects within 4 object streams
 82 named destinations out of 1000 (max. 500000)
 155 words of extra memory for PDF output out of 10000 (max. 10000000)

